samtp1seminario2/app/build/intermediates/manifest_merge_blame_file/debug/manifest-merger-blame-debug-report.txt
1<?xml version="1.0" encoding="utf-8"?>
2<manifest xmlns:android="http://schemas.android.com/apk/res/android"
3    package="com.example.sam_tp1_seminario2"
4    android:versionCode="1"
5    android:versionName="1.0" >
6
7    <uses-sdk
8        android:minSdkVersion="21"
8-->src/main/AndroidManifest.xml
9        android:targetSdkVersion="29" />
9-->src/main/AndroidManifest.xml
10
11    <application
11-->src/main/AndroidManifest.xml:5:5-34:19
12        android:allowBackup="true"
12-->src/main/AndroidManifest.xml:6:9-35
13        android:appComponentFactory="androidx.core.app.CoreComponentFactory"
13-->[androidx.core:core:1.0.1] AndroidManifest.xml:22:18-86
14        android:debuggable="true"
15        android:icon="@mipmap/ic_launcher"
15-->src/main/AndroidManifest.xml:7:9-43
16        android:label="Simple Android Maze"
16-->src/main/AndroidManifest.xml:8:9-44
17        android:roundIcon="@mipmap/ic_launcher_round"
17-->src/main/AndroidManifest.xml:9:9-54
18        android:supportsRtl="true"
18-->src/main/AndroidManifest.xml:10:9-35
19        android:testOnly="true"
20        android:theme="@style/AppTheme" >
20-->src/main/AndroidManifest.xml:11:9-40
21        <activity
21-->src/main/AndroidManifest.xml:12:9-19:20
22            android:name="com.example.sam_tp1_seminario2.SplashActivity"
22-->src/main/AndroidManifest.xml:12:19-49
23            android:screenOrientation="portrait"
23-->src/main/AndroidManifest.xml:13:13-49
24            android:theme="@style/Theme.AppCompat.Light.NoActionBar" >
24-->src/main/AndroidManifest.xml:14:13-69
25            <intent-filter>
25-->src/main/AndroidManifest.xml:15:13-18:29
26                <action android:name="android.intent.action.MAIN" />
26-->src/main/AndroidManifest.xml:16:17-68
26-->src/main/AndroidManifest.xml:16:25-66
27
28                <category android:name="android.intent.category.LAUNCHER" />
28-->src/main/AndroidManifest.xml:17:17-76
28-->src/main/AndroidManifest.xml:17:27-74
29            </intent-filter>
30        </activity>
31        <activity
31-->src/main/AndroidManifest.xml:20:9-27:20
32            android:name="com.example.sam_tp1_seminario2.NewGameActivity"
32-->src/main/AndroidManifest.xml:20:19-50
33            android:screenOrientation="portrait"
33-->src/main/AndroidManifest.xml:21:13-49
34            android:theme="@style/Theme.AppCompat.Light.NoActionBar" >
34-->src/main/AndroidManifest.xml:22:13-69
35            <intent-filter>
35-->src/main/AndroidManifest.xml:23:13-26:29
36                <action android:name="android.intent.action.MAIN" />
36-->src/main/AndroidManifest.xml:16:17-68
36-->src/main/AndroidManifest.xml:16:25-66
37
38                <category android:name="android.intent.category.DEFAULT" />
38-->src/main/AndroidManifest.xml:25:17-76
38-->src/main/AndroidManifest.xml:25:27-73
39            </intent-filter>
40        </activity>
41        <activity
41-->src/main/AndroidManifest.xml:28:9-30:71
42            android:name="com.example.sam_tp1_seminario2.MainActivity"
42-->src/main/AndroidManifest.xml:28:19-47
43            android:screenOrientation="portrait"
43-->src/main/AndroidManifest.xml:29:13-49
44            android:theme="@style/Theme.AppCompat.Light.NoActionBar" />
44-->src/main/AndroidManifest.xml:30:13-69
45        <activity
45-->src/main/AndroidManifest.xml:31:9-33:71
46            android:name="com.example.sam_tp1_seminario2.WinActivity"
46-->src/main/AndroidManifest.xml:31:19-46
47            android:screenOrientation="portrait"
47-->src/main/AndroidManifest.xml:32:13-49
48            android:theme="@style/Theme.AppCompat.Light.NoActionBar" />
48-->src/main/AndroidManifest.xml:33:13-69
49    </application>
50
51</manifest>